<?xml version="1.0" encoding="UTF-8"?>
<!-- Generated by org.testng.reporters.JUnitXMLReporter -->
<testsuite ignored="0" hostname="LAPTOP-7DJ18U3D" failures="0" tests="2" name="Error validations Test" time="9.746" errors="0" timestamp="12 Jun 2023 10:40:54 GMT">
  <testcase classname="HCL_TECH.SeleniumFrameworkDesign.ErrorValidation" name="LoginError" time="0.547"/>
  <testcase classname="HCL_TECH.SeleniumFrameworkDesign.ErrorValidation" name="productError" time="5.036"/>
</testsuite> <!-- Error validations Test -->
