<?xml version="1.0" encoding="UTF-8"?>
<!-- Generated by org.testng.reporters.JUnitXMLReporter -->
<testsuite ignored="0" hostname="LAPTOP-7DJ18U3D" failures="0" tests="3" name="Submit Order Test" time="62.686" errors="0" timestamp="11 Jun 2023 10:16:31 GMT">
  <testcase classname="HCL_TECH.SeleniumFrameworkDesign.Standalone" name="SubmitOrder" time="13.208"/>
  <testcase classname="HCL_TECH.SeleniumFrameworkDesign.Standalone" name="SubmitOrder" time="15.798"/>
  <testcase classname="HCL_TECH.SeleniumFrameworkDesign.Standalone" name="orderHistory" time="3.133"/>
</testsuite> <!-- Submit Order Test -->
