<?xml version="1.0" encoding="UTF-8"?>
<!-- Generated by org.testng.reporters.JUnitXMLReporter -->
<testsuite ignored="0" hostname="LAPTOP-7DJ18U3D" failures="0" tests="2" name="Error validations Test" time="18.255" errors="0" timestamp="13 Jun 2023 10:47:52 GMT">
  <testcase classname="HCL_TECH.SeleniumFrameworkDesign.ErrorValidation" name="LoginError" time="1.209"/>
  <testcase classname="HCL_TECH.SeleniumFrameworkDesign.ErrorValidation" name="productError" time="5.845"/>
</testsuite> <!-- Error validations Test -->
