<?xml version="1.0" encoding="UTF-8"?>
<!-- Generated by org.testng.reporters.JUnitXMLReporter -->
<testsuite ignored="0" hostname="LAPTOP-7DJ18U3D" failures="0" tests="2" name="Error validations Test" time="0.074" errors="0" timestamp="12 Jun 2023 10:17:40 GMT">
  <testcase classname="BaseClassTestComponents.BaseTest" name="@BeforeMethod launchApplication" time="0.034">
    <failure type="java.lang.NullPointerException" message="Cannot invoke &amp;quot;org.openqa.selenium.WebDriver.manage()&amp;quot; because &amp;quot;this.driver&amp;quot; is null">
      <![CDATA[java.lang.NullPointerException: Cannot invoke "org.openqa.selenium.WebDriver.manage()" because "this.driver" is null
at BaseClassTestComponents.BaseTest.initializeDriver(BaseTest.java:58)
at BaseClassTestComponents.BaseTest.launchApplication(BaseTest.java:99)
... Removed 32 stack frames]]>
    </failure>
  </testcase> <!-- @BeforeMethod launchApplication -->
  <testcase classname="BaseClassTestComponents.BaseTest" name="@AfterMethod tearDown" time="0.0">
    <failure type="java.lang.NullPointerException" message="Cannot invoke &amp;quot;org.openqa.selenium.WebDriver.close()&amp;quot; because &amp;quot;this.driver&amp;quot; is null">
      <![CDATA[java.lang.NullPointerException: Cannot invoke "org.openqa.selenium.WebDriver.close()" because "this.driver" is null
at BaseClassTestComponents.BaseTest.tearDown(BaseTest.java:109)
... Removed 32 stack frames]]>
    </failure>
  </testcase> <!-- @AfterMethod tearDown -->
  <testcase classname="BaseClassTestComponents.BaseTest" name="@BeforeMethod launchApplication" time="0.035">
    <failure type="java.lang.NullPointerException" message="Cannot invoke &amp;quot;org.openqa.selenium.WebDriver.manage()&amp;quot; because &amp;quot;this.driver&amp;quot; is null">
      <![CDATA[java.lang.NullPointerException: Cannot invoke "org.openqa.selenium.WebDriver.manage()" because "this.driver" is null
at BaseClassTestComponents.BaseTest.initializeDriver(BaseTest.java:58)
at BaseClassTestComponents.BaseTest.launchApplication(BaseTest.java:99)
... Removed 32 stack frames]]>
    </failure>
  </testcase> <!-- @BeforeMethod launchApplication -->
  <testcase classname="BaseClassTestComponents.BaseTest" name="@AfterMethod tearDown" time="0.0">
    <failure type="java.lang.NullPointerException" message="Cannot invoke &amp;quot;org.openqa.selenium.WebDriver.close()&amp;quot; because &amp;quot;this.driver&amp;quot; is null">
      <![CDATA[java.lang.NullPointerException: Cannot invoke "org.openqa.selenium.WebDriver.close()" because "this.driver" is null
at BaseClassTestComponents.BaseTest.tearDown(BaseTest.java:109)
... Removed 32 stack frames]]>
    </failure>
  </testcase> <!-- @AfterMethod tearDown -->
  <testcase classname="HCL_TECH.SeleniumFrameworkDesign.ErrorValidation" name="LoginError" time="0.0">
    <skipped/>
  </testcase> <!-- LoginError -->
  <testcase classname="HCL_TECH.SeleniumFrameworkDesign.ErrorValidation" name="productError" time="0.0">
    <skipped/>
  </testcase> <!-- productError -->
</testsuite> <!-- Error validations Test -->
