<?xml version="1.0" encoding="UTF-8"?>
<testng-results ignored="0" total="5" passed="4" failed="1" skipped="0">
  <reporter-output>
  </reporter-output>
  <suite started-at="2023-06-12T10:25:11Z" name="Suite" finished-at="2023-06-12T10:25:45Z" duration-ms="33555">
    <groups>
      <group name="Purchase">
        <method signature="Standalone.SubmitOrder(java.util.HashMap)[pri:0, instance:HCL_TECH.SeleniumFrameworkDesign.Standalone@531f4093]" name="SubmitOrder" class="HCL_TECH.SeleniumFrameworkDesign.Standalone"/>
      </group> <!-- Purchase -->
      <group name="ErrorHandling">
        <method signature="ErrorValidation.LoginError()[pri:0, instance:HCL_TECH.SeleniumFrameworkDesign.ErrorValidation@4b14918a]" name="LoginError" class="HCL_TECH.SeleniumFrameworkDesign.ErrorValidation"/>
      </group> <!-- ErrorHandling -->
    </groups>
    <test started-at="2023-06-12T10:25:11Z" name="Submit Order Test" finished-at="2023-06-12T10:25:36Z" duration-ms="24684">
      <class name="HCL_TECH.SeleniumFrameworkDesign.Standalone">
        <test-method is-config="true" signature="launchApplication()[pri:0, instance:HCL_TECH.SeleniumFrameworkDesign.Standalone@531f4093]" started-at="2023-06-12T10:25:12Z" name="launchApplication" finished-at="2023-06-12T10:25:19Z" duration-ms="6900" status="PASS">
          <reporter-output>
          </reporter-output>
        </test-method> <!-- launchApplication -->
        <test-method signature="SubmitOrder(java.util.HashMap)[pri:0, instance:HCL_TECH.SeleniumFrameworkDesign.Standalone@531f4093]" started-at="2023-06-12T10:25:19Z" name="SubmitOrder" data-provider="getData" finished-at="2023-06-12T10:25:24Z" duration-ms="5748" status="PASS">
          <params>
            <param index="0">
              <value>
                <![CDATA[{password=Munu@1234, product=ZARA COAT 3, email=guruprasad.das@hcl.com}]]>
              </value>
            </param>
          </params>
          <reporter-output>
          </reporter-output>
        </test-method> <!-- SubmitOrder -->
        <test-method is-config="true" signature="tearDown()[pri:0, instance:HCL_TECH.SeleniumFrameworkDesign.Standalone@531f4093]" started-at="2023-06-12T10:25:24Z" name="tearDown" finished-at="2023-06-12T10:25:24Z" duration-ms="27" status="PASS">
          <reporter-output>
          </reporter-output>
        </test-method> <!-- tearDown -->
        <test-method is-config="true" signature="launchApplication()[pri:0, instance:HCL_TECH.SeleniumFrameworkDesign.Standalone@531f4093]" started-at="2023-06-12T10:25:24Z" name="launchApplication" finished-at="2023-06-12T10:25:27Z" duration-ms="2691" status="PASS">
          <reporter-output>
          </reporter-output>
        </test-method> <!-- launchApplication -->
        <test-method signature="SubmitOrder(java.util.HashMap)[pri:0, instance:HCL_TECH.SeleniumFrameworkDesign.Standalone@531f4093]" started-at="2023-06-12T10:25:27Z" name="SubmitOrder" data-provider="getData" finished-at="2023-06-12T10:25:33Z" duration-ms="5706" status="PASS">
          <params>
            <param index="0">
              <value>
                <![CDATA[{password=Guru@1234, product=ADIDAS ORIGINAL, email=gurupdas11@gmail.com}]]>
              </value>
            </param>
          </params>
          <reporter-output>
          </reporter-output>
        </test-method> <!-- SubmitOrder -->
        <test-method is-config="true" signature="tearDown()[pri:0, instance:HCL_TECH.SeleniumFrameworkDesign.Standalone@531f4093]" started-at="2023-06-12T10:25:33Z" name="tearDown" finished-at="2023-06-12T10:25:33Z" duration-ms="25" status="PASS">
          <reporter-output>
          </reporter-output>
        </test-method> <!-- tearDown -->
        <test-method is-config="true" signature="launchApplication()[pri:0, instance:HCL_TECH.SeleniumFrameworkDesign.Standalone@531f4093]" started-at="2023-06-12T10:25:33Z" name="launchApplication" finished-at="2023-06-12T10:25:35Z" duration-ms="2637" status="PASS">
          <reporter-output>
          </reporter-output>
        </test-method> <!-- launchApplication -->
        <test-method signature="orderHistory()[pri:0, instance:HCL_TECH.SeleniumFrameworkDesign.Standalone@531f4093]" started-at="2023-06-12T10:25:35Z" name="orderHistory" finished-at="2023-06-12T10:25:36Z" depends-on-methods="HCL_TECH.SeleniumFrameworkDesign.Standalone.SubmitOrder" duration-ms="634" status="PASS">
          <reporter-output>
          </reporter-output>
        </test-method> <!-- orderHistory -->
        <test-method is-config="true" signature="tearDown()[pri:0, instance:HCL_TECH.SeleniumFrameworkDesign.Standalone@531f4093]" started-at="2023-06-12T10:25:36Z" name="tearDown" finished-at="2023-06-12T10:25:36Z" duration-ms="25" status="PASS">
          <reporter-output>
          </reporter-output>
        </test-method> <!-- tearDown -->
      </class> <!-- HCL_TECH.SeleniumFrameworkDesign.Standalone -->
    </test> <!-- Submit Order Test -->
    <test started-at="2023-06-12T10:25:36Z" name="Error validations Test" finished-at="2023-06-12T10:25:45Z" duration-ms="8538">
      <class name="HCL_TECH.SeleniumFrameworkDesign.ErrorValidation">
        <test-method is-config="true" signature="launchApplication()[pri:0, instance:HCL_TECH.SeleniumFrameworkDesign.ErrorValidation@4b14918a]" started-at="2023-06-12T10:25:36Z" name="launchApplication" finished-at="2023-06-12T10:25:39Z" duration-ms="2737" status="PASS">
          <reporter-output>
          </reporter-output>
        </test-method> <!-- launchApplication -->
        <test-method signature="LoginError()[pri:0, instance:HCL_TECH.SeleniumFrameworkDesign.ErrorValidation@4b14918a]" started-at="2023-06-12T10:25:39Z" name="LoginError" finished-at="2023-06-12T10:25:40Z" duration-ms="899" status="PASS">
          <reporter-output>
          </reporter-output>
        </test-method> <!-- LoginError -->
        <test-method is-config="true" signature="tearDown()[pri:0, instance:HCL_TECH.SeleniumFrameworkDesign.ErrorValidation@4b14918a]" started-at="2023-06-12T10:25:40Z" name="tearDown" finished-at="2023-06-12T10:25:40Z" duration-ms="27" status="PASS">
          <reporter-output>
          </reporter-output>
        </test-method> <!-- tearDown -->
        <test-method is-config="true" signature="launchApplication()[pri:0, instance:HCL_TECH.SeleniumFrameworkDesign.ErrorValidation@4b14918a]" started-at="2023-06-12T10:25:40Z" name="launchApplication" finished-at="2023-06-12T10:25:43Z" duration-ms="2774" status="PASS">
          <reporter-output>
          </reporter-output>
        </test-method> <!-- launchApplication -->
        <test-method signature="productError()[pri:0, instance:HCL_TECH.SeleniumFrameworkDesign.ErrorValidation@4b14918a]" started-at="2023-06-12T10:25:43Z" name="productError" finished-at="2023-06-12T10:25:45Z" duration-ms="1822" status="FAIL">
          <exception class="org.openqa.selenium.ElementClickInterceptedException">
            <message>
              <![CDATA[element click intercepted: Element <button _ngcontent-wld-c33="" routerlink="/dashboard/cart" class="btn btn-custom" style="margin-top: -10px;" tabindex="0">...</button> is not clickable at point (1205, 27). Other element would receive the click: <div _ngcontent-wld-c31="" class="ngx-spinner-overlay ng-tns-c31-1 ng-trigger ng-trigger-fadeIn ng-star-inserted" style="background-color: rgba(51, 51, 51, 0.8); z-index: 99999; position: fixed; opacity: 1;">...</div>
  (Session info: headless chrome=114.0.5735.110)
Build info: version: '4.3.0', revision: 'a4995e2c09*'
System info: host: 'LAPTOP-7DJ18U3D', ip: '192.168.1.37', os.name: 'Windows 10', os.arch: 'amd64', os.version: '10.0', java.version: '17.0.1'
Driver info: org.openqa.selenium.chrome.ChromeDriver
Command: [17bb655bbe2eab3118f855b488ed9c89, clickElement {id=F78F0AE9A50C4BF354E7496BB501A621_element_31}]
Capabilities {acceptInsecureCerts: false, browserName: chrome, browserVersion: 114.0.5735.110, chrome: {chromedriverVersion: 114.0.5735.90 (386bc09e8f4f..., userDataDir: C:\Users\GURUPR~1\AppData\L...}, goog:chromeOptions: {debuggerAddress: localhost:60329}, networkConnectionEnabled: false, pageLoadStrategy: normal, platformName: WINDOWS, proxy: Proxy(), se:cdp: ws://localhost:60329/devtoo..., se:cdpVersion: 114.0.5735.110, setWindowRect: true, strictFileInteractability: false, timeouts: {implicit: 0, pageLoad: 300000, script: 30000}, unhandledPromptBehavior: dismiss and notify, webauthn:extension:credBlob: true, webauthn:extension:largeBlob: true, webauthn:extension:minPinLength: true, webauthn:extension:prf: true, webauthn:virtualAuthenticators: true}
Element: [[ChromeDriver: chrome on WINDOWS (17bb655bbe2eab3118f855b488ed9c89)] -> css selector: [routerlink*='cart']]
Session ID: 17bb655bbe2eab3118f855b488ed9c89]]>
            </message>
            <full-stacktrace>
              <![CDATA[org.openqa.selenium.ElementClickInterceptedException: element click intercepted: Element <button _ngcontent-wld-c33="" routerlink="/dashboard/cart" class="btn btn-custom" style="margin-top: -10px;" tabindex="0">...</button> is not clickable at point (1205, 27). Other element would receive the click: <div _ngcontent-wld-c31="" class="ngx-spinner-overlay ng-tns-c31-1 ng-trigger ng-trigger-fadeIn ng-star-inserted" style="background-color: rgba(51, 51, 51, 0.8); z-index: 99999; position: fixed; opacity: 1;">...</div>
  (Session info: headless chrome=114.0.5735.110)
Build info: version: '4.3.0', revision: 'a4995e2c09*'
System info: host: 'LAPTOP-7DJ18U3D', ip: '192.168.1.37', os.name: 'Windows 10', os.arch: 'amd64', os.version: '10.0', java.version: '17.0.1'
Driver info: org.openqa.selenium.chrome.ChromeDriver
Command: [17bb655bbe2eab3118f855b488ed9c89, clickElement {id=F78F0AE9A50C4BF354E7496BB501A621_element_31}]
Capabilities {acceptInsecureCerts: false, browserName: chrome, browserVersion: 114.0.5735.110, chrome: {chromedriverVersion: 114.0.5735.90 (386bc09e8f4f..., userDataDir: C:\Users\GURUPR~1\AppData\L...}, goog:chromeOptions: {debuggerAddress: localhost:60329}, networkConnectionEnabled: false, pageLoadStrategy: normal, platformName: WINDOWS, proxy: Proxy(), se:cdp: ws://localhost:60329/devtoo..., se:cdpVersion: 114.0.5735.110, setWindowRect: true, strictFileInteractability: false, timeouts: {implicit: 0, pageLoad: 300000, script: 30000}, unhandledPromptBehavior: dismiss and notify, webauthn:extension:credBlob: true, webauthn:extension:largeBlob: true, webauthn:extension:minPinLength: true, webauthn:extension:prf: true, webauthn:virtualAuthenticators: true}
Element: [[ChromeDriver: chrome on WINDOWS (17bb655bbe2eab3118f855b488ed9c89)] -> css selector: [routerlink*='cart']]
Session ID: 17bb655bbe2eab3118f855b488ed9c89
at java.base/jdk.internal.reflect.NativeConstructorAccessorImpl.newInstance0(Native Method)
at java.base/jdk.internal.reflect.NativeConstructorAccessorImpl.newInstance(NativeConstructorAccessorImpl.java:77)
at java.base/jdk.internal.reflect.DelegatingConstructorAccessorImpl.newInstance(DelegatingConstructorAccessorImpl.java:45)
at java.base/java.lang.reflect.Constructor.newInstanceWithCaller(Constructor.java:499)
at java.base/java.lang.reflect.Constructor.newInstance(Constructor.java:480)
at org.openqa.selenium.remote.codec.w3c.W3CHttpResponseCodec.createException(W3CHttpResponseCodec.java:200)
at org.openqa.selenium.remote.codec.w3c.W3CHttpResponseCodec.decode(W3CHttpResponseCodec.java:133)
at org.openqa.selenium.remote.codec.w3c.W3CHttpResponseCodec.decode(W3CHttpResponseCodec.java:53)
at org.openqa.selenium.remote.HttpCommandExecutor.execute(HttpCommandExecutor.java:184)
at org.openqa.selenium.remote.service.DriverCommandExecutor.invokeExecute(DriverCommandExecutor.java:167)
at org.openqa.selenium.remote.service.DriverCommandExecutor.execute(DriverCommandExecutor.java:142)
at org.openqa.selenium.remote.RemoteWebDriver.execute(RemoteWebDriver.java:569)
at org.openqa.selenium.remote.RemoteWebElement.execute(RemoteWebElement.java:257)
at org.openqa.selenium.remote.RemoteWebElement.click(RemoteWebElement.java:78)
at java.base/jdk.internal.reflect.NativeMethodAccessorImpl.invoke0(Native Method)
at java.base/jdk.internal.reflect.NativeMethodAccessorImpl.invoke(NativeMethodAccessorImpl.java:77)
at java.base/jdk.internal.reflect.DelegatingMethodAccessorImpl.invoke(DelegatingMethodAccessorImpl.java:43)
at java.base/java.lang.reflect.Method.invoke(Method.java:568)
at org.openqa.selenium.support.pagefactory.internal.LocatingElementHandler.invoke(LocatingElementHandler.java:52)
at jdk.proxy2/jdk.proxy2.$Proxy16.click(Unknown Source)
at AbstractComponent.AbstractReusableCode.goToCartPage(AbstractReusableCode.java:47)
at HCL_TECH.SeleniumFrameworkDesign.ErrorValidation.productError(ErrorValidation.java:37)
at java.base/jdk.internal.reflect.NativeMethodAccessorImpl.invoke0(Native Method)
at java.base/jdk.internal.reflect.NativeMethodAccessorImpl.invoke(NativeMethodAccessorImpl.java:77)
at java.base/jdk.internal.reflect.DelegatingMethodAccessorImpl.invoke(DelegatingMethodAccessorImpl.java:43)
at java.base/java.lang.reflect.Method.invoke(Method.java:568)
at org.testng.internal.MethodInvocationHelper.invokeMethod(MethodInvocationHelper.java:124)
at org.testng.internal.Invoker.invokeMethod(Invoker.java:583)
at org.testng.internal.Invoker.invokeTestMethod(Invoker.java:719)
at org.testng.internal.Invoker.invokeTestMethods(Invoker.java:989)
at org.testng.internal.TestMethodWorker.invokeTestMethods(TestMethodWorker.java:125)
at org.testng.internal.TestMethodWorker.run(TestMethodWorker.java:109)
at org.testng.TestRunner.privateRun(TestRunner.java:648)
at org.testng.TestRunner.run(TestRunner.java:505)
at org.testng.SuiteRunner.runTest(SuiteRunner.java:455)
at org.testng.SuiteRunner.runSequentially(SuiteRunner.java:450)
at org.testng.SuiteRunner.privateRun(SuiteRunner.java:415)
at org.testng.SuiteRunner.run(SuiteRunner.java:364)
at org.testng.SuiteRunnerWorker.runSuite(SuiteRunnerWorker.java:52)
at org.testng.SuiteRunnerWorker.run(SuiteRunnerWorker.java:84)
at org.testng.TestNG.runSuitesSequentially(TestNG.java:1208)
at org.testng.TestNG.runSuitesLocally(TestNG.java:1137)
at org.testng.TestNG.runSuites(TestNG.java:1049)
at org.testng.TestNG.run(TestNG.java:1017)
at org.apache.maven.surefire.testng.TestNGExecutor.run(TestNGExecutor.java:324)
at org.apache.maven.surefire.testng.TestNGXmlTestSuite.execute(TestNGXmlTestSuite.java:74)
at org.apache.maven.surefire.testng.TestNGProvider.invoke(TestNGProvider.java:123)
at org.apache.maven.surefire.booter.ForkedBooter.runSuitesInProcess(ForkedBooter.java:456)
at org.apache.maven.surefire.booter.ForkedBooter.execute(ForkedBooter.java:169)
at org.apache.maven.surefire.booter.ForkedBooter.run(ForkedBooter.java:595)
at org.apache.maven.surefire.booter.ForkedBooter.main(ForkedBooter.java:581)
]]>
            </full-stacktrace>
          </exception> <!-- org.openqa.selenium.ElementClickInterceptedException -->
          <reporter-output>
          </reporter-output>
        </test-method> <!-- productError -->
        <test-method is-config="true" signature="tearDown()[pri:0, instance:HCL_TECH.SeleniumFrameworkDesign.ErrorValidation@4b14918a]" started-at="2023-06-12T10:25:45Z" name="tearDown" finished-at="2023-06-12T10:25:45Z" duration-ms="35" status="PASS">
          <reporter-output>
          </reporter-output>
        </test-method> <!-- tearDown -->
      </class> <!-- HCL_TECH.SeleniumFrameworkDesign.ErrorValidation -->
    </test> <!-- Error validations Test -->
  </suite> <!-- Suite -->
</testng-results>
