<?xml version="1.0" encoding="UTF-8"?>
<testng-results ignored="0" total="5" passed="5" failed="0" skipped="0">
  <reporter-output>
  </reporter-output>
  <suite started-at="2023-06-11T10:15:28Z" name="Suite" finished-at="2023-06-11T10:16:31Z" duration-ms="62686">
    <groups>
      <group name="Purchase">
        <method signature="Standalone.SubmitOrder(java.util.HashMap)[pri:0, instance:HCL_TECH.SeleniumFrameworkDesign.Standalone@2f67b837]" name="SubmitOrder" class="HCL_TECH.SeleniumFrameworkDesign.Standalone"/>
      </group> <!-- Purchase -->
      <group name="ErrorHandling">
        <method signature="ErrorValidation.LoginError()[pri:0, instance:HCL_TECH.SeleniumFrameworkDesign.ErrorValidation@66c92293]" name="LoginError" class="HCL_TECH.SeleniumFrameworkDesign.ErrorValidation"/>
      </group> <!-- ErrorHandling -->
    </groups>
    <test started-at="2023-06-11T10:15:28Z" name="Error validations Test" finished-at="2023-06-11T10:15:57Z" duration-ms="28719">
      <class name="HCL_TECH.SeleniumFrameworkDesign.ErrorValidation">
        <test-method is-config="true" signature="launchApplication()[pri:0, instance:HCL_TECH.SeleniumFrameworkDesign.ErrorValidation@66c92293]" started-at="2023-06-11T10:15:28Z" name="launchApplication" finished-at="2023-06-11T10:15:40Z" duration-ms="11734" status="PASS">
          <reporter-output>
          </reporter-output>
        </test-method> <!-- launchApplication -->
        <test-method signature="LoginError()[pri:0, instance:HCL_TECH.SeleniumFrameworkDesign.ErrorValidation@66c92293]" started-at="2023-06-11T10:15:40Z" name="LoginError" finished-at="2023-06-11T10:15:42Z" duration-ms="1500" status="PASS">
          <reporter-output>
          </reporter-output>
        </test-method> <!-- LoginError -->
        <test-method is-config="true" signature="tearDown()[pri:0, instance:HCL_TECH.SeleniumFrameworkDesign.ErrorValidation@66c92293]" started-at="2023-06-11T10:15:42Z" name="tearDown" finished-at="2023-06-11T10:15:42Z" duration-ms="654" status="PASS">
          <reporter-output>
          </reporter-output>
        </test-method> <!-- tearDown -->
        <test-method is-config="true" signature="launchApplication()[pri:0, instance:HCL_TECH.SeleniumFrameworkDesign.ErrorValidation@66c92293]" started-at="2023-06-11T10:15:42Z" name="launchApplication" finished-at="2023-06-11T10:15:51Z" duration-ms="9156" status="PASS">
          <reporter-output>
          </reporter-output>
        </test-method> <!-- launchApplication -->
        <test-method signature="productError()[pri:0, instance:HCL_TECH.SeleniumFrameworkDesign.ErrorValidation@66c92293]" started-at="2023-06-11T10:15:51Z" name="productError" finished-at="2023-06-11T10:15:56Z" duration-ms="4847" status="PASS">
          <reporter-output>
          </reporter-output>
        </test-method> <!-- productError -->
        <test-method is-config="true" signature="tearDown()[pri:0, instance:HCL_TECH.SeleniumFrameworkDesign.ErrorValidation@66c92293]" started-at="2023-06-11T10:15:56Z" name="tearDown" finished-at="2023-06-11T10:15:57Z" duration-ms="777" status="PASS">
          <reporter-output>
          </reporter-output>
        </test-method> <!-- tearDown -->
      </class> <!-- HCL_TECH.SeleniumFrameworkDesign.ErrorValidation -->
    </test> <!-- Error validations Test -->
    <test started-at="2023-06-11T10:15:28Z" name="Submit Order Test" finished-at="2023-06-11T10:16:31Z" duration-ms="62686">
      <class name="HCL_TECH.SeleniumFrameworkDesign.Standalone">
        <test-method is-config="true" signature="launchApplication()[pri:0, instance:HCL_TECH.SeleniumFrameworkDesign.Standalone@2f67b837]" started-at="2023-06-11T10:15:29Z" name="launchApplication" finished-at="2023-06-11T10:15:39Z" duration-ms="9707" status="PASS">
          <reporter-output>
          </reporter-output>
        </test-method> <!-- launchApplication -->
        <test-method signature="SubmitOrder(java.util.HashMap)[pri:0, instance:HCL_TECH.SeleniumFrameworkDesign.Standalone@2f67b837]" started-at="2023-06-11T10:15:39Z" name="SubmitOrder" data-provider="getData" finished-at="2023-06-11T10:15:52Z" duration-ms="13208" status="PASS">
          <params>
            <param index="0">
              <value>
                <![CDATA[{password=Munu@1234, product=ZARA COAT 3, email=guruprasad.das@hcl.com}]]>
              </value>
            </param>
          </params>
          <reporter-output>
          </reporter-output>
        </test-method> <!-- SubmitOrder -->
        <test-method is-config="true" signature="tearDown()[pri:0, instance:HCL_TECH.SeleniumFrameworkDesign.Standalone@2f67b837]" started-at="2023-06-11T10:15:52Z" name="tearDown" finished-at="2023-06-11T10:15:52Z" duration-ms="215" status="PASS">
          <reporter-output>
          </reporter-output>
        </test-method> <!-- tearDown -->
        <test-method is-config="true" signature="launchApplication()[pri:0, instance:HCL_TECH.SeleniumFrameworkDesign.Standalone@2f67b837]" started-at="2023-06-11T10:15:52Z" name="launchApplication" finished-at="2023-06-11T10:16:00Z" duration-ms="7866" status="PASS">
          <reporter-output>
          </reporter-output>
        </test-method> <!-- launchApplication -->
        <test-method signature="SubmitOrder(java.util.HashMap)[pri:0, instance:HCL_TECH.SeleniumFrameworkDesign.Standalone@2f67b837]" started-at="2023-06-11T10:16:00Z" name="SubmitOrder" data-provider="getData" finished-at="2023-06-11T10:16:16Z" duration-ms="15798" status="PASS">
          <params>
            <param index="0">
              <value>
                <![CDATA[{password=Guru@1234, product=ADIDAS ORIGINAL, email=gurupdas11@gmail.com}]]>
              </value>
            </param>
          </params>
          <reporter-output>
          </reporter-output>
        </test-method> <!-- SubmitOrder -->
        <test-method is-config="true" signature="tearDown()[pri:0, instance:HCL_TECH.SeleniumFrameworkDesign.Standalone@2f67b837]" started-at="2023-06-11T10:16:16Z" name="tearDown" finished-at="2023-06-11T10:16:16Z" duration-ms="309" status="PASS">
          <reporter-output>
          </reporter-output>
        </test-method> <!-- tearDown -->
        <test-method is-config="true" signature="launchApplication()[pri:0, instance:HCL_TECH.SeleniumFrameworkDesign.Standalone@2f67b837]" started-at="2023-06-11T10:16:16Z" name="launchApplication" finished-at="2023-06-11T10:16:28Z" duration-ms="11334" status="PASS">
          <reporter-output>
          </reporter-output>
        </test-method> <!-- launchApplication -->
        <test-method signature="orderHistory()[pri:0, instance:HCL_TECH.SeleniumFrameworkDesign.Standalone@2f67b837]" started-at="2023-06-11T10:16:28Z" name="orderHistory" finished-at="2023-06-11T10:16:31Z" depends-on-methods="HCL_TECH.SeleniumFrameworkDesign.Standalone.SubmitOrder" duration-ms="3133" status="PASS">
          <reporter-output>
          </reporter-output>
        </test-method> <!-- orderHistory -->
        <test-method is-config="true" signature="tearDown()[pri:0, instance:HCL_TECH.SeleniumFrameworkDesign.Standalone@2f67b837]" started-at="2023-06-11T10:16:31Z" name="tearDown" finished-at="2023-06-11T10:16:31Z" duration-ms="327" status="PASS">
          <reporter-output>
          </reporter-output>
        </test-method> <!-- tearDown -->
      </class> <!-- HCL_TECH.SeleniumFrameworkDesign.Standalone -->
    </test> <!-- Submit Order Test -->
  </suite> <!-- Suite -->
</testng-results>
